<?xml version="1.0" encoding="UTF-8"?>
<!-- Generated by org.testng.reporters.JUnitXMLReporter -->
<testsuite ignored="3" hostname="Disha" failures="1" tests="1" name="com-tutorialsninja-sw-5" time="7.787" errors="0" timestamp="2023-12-12T22:40:15 GMT">
  <testcase classname="com.tutorialsninja.demo.testsuite.DesktopsTest" name="verifyProduct3AddedToShoppingCartSuccessFully" time="3.591">
    <failure type="java.lang.AssertionError" message="Incorrect Total! expected [£1,242.11] but found [£621.05]">
      <![CDATA[java.lang.AssertionError: Incorrect Total! expected [£1,242.11] but found [£621.05]
at com.tutorialsninja.demo.testsuite.DesktopsTest.verifyProduct3AddedToShoppingCartSuccessFully(DesktopsTest.java:215)
at java.base/java.util.ArrayList.forEach(ArrayList.java:1511)
at com.intellij.rt.testng.IDEARemoteTestNG.run(IDEARemoteTestNG.java:66)
at com.intellij.rt.testng.RemoteTestNGStarter.main(RemoteTestNGStarter.java:105)
... Removed 29 stack frames]]>
    </failure>
  </testcase> <!-- verifyProduct3AddedToShoppingCartSuccessFully -->
  <testcase classname="com.tutorialsninja.demo.testsuite.DesktopsTest" name="verifyProduct1AddedToShoppingCartSuccessFully" time="0.0">
    <ignored/>
  </testcase> <!-- verifyProduct1AddedToShoppingCartSuccessFully -->
  <testcase classname="com.tutorialsninja.demo.testsuite.DesktopsTest" name="verifyProduct2AddedToShoppingCartSuccessFully" time="0.0">
    <ignored/>
  </testcase> <!-- verifyProduct2AddedToShoppingCartSuccessFully -->
  <testcase classname="com.tutorialsninja.demo.testsuite.DesktopsTest" name="verifyProductArrangeInAlphabeticalOrder" time="0.0">
    <ignored/>
  </testcase> <!-- verifyProductArrangeInAlphabeticalOrder -->
</testsuite> <!-- com-tutorialsninja-sw-5 -->
