<?xml version="1.0" encoding="UTF-8"?>
<testng-results ignored="0" total="1" passed="0" failed="1" skipped="0">
  <reporter-output>
  </reporter-output>
  <suite started-at="2023-12-12T22:40:08 GMT" name="Default Suite" finished-at="2023-12-12T22:40:15 GMT" duration-ms="7787">
    <groups>
      <group name="regression">
        <method signature="DesktopsTest.verifyProduct3AddedToShoppingCartSuccessFully(java.lang.String,java.lang.String,java.lang.String,java.lang.String,java.lang.String,java.lang.String)[pri:0, instance:com.tutorialsninja.demo.testsuite.DesktopsTest@12d4bf7e]" name="verifyProduct3AddedToShoppingCartSuccessFully" class="com.tutorialsninja.demo.testsuite.DesktopsTest"/>
      </group> <!-- regression -->
    </groups>
    <test started-at="2023-12-12T22:40:08 GMT" name="com-tutorialsninja-sw-5" finished-at="2023-12-12T22:40:15 GMT" duration-ms="7787">
      <class name="com.tutorialsninja.demo.testsuite.DesktopsTest">
        <test-method is-config="true" signature="setUp()[pri:0, instance:com.tutorialsninja.demo.testsuite.DesktopsTest@12d4bf7e]" started-at="2023-12-12T22:40:08 GMT" name="setUp" finished-at="2023-12-12T22:40:11 GMT" duration-ms="3405" status="PASS">
          <reporter-output>
          </reporter-output>
        </test-method> <!-- setUp -->
        <test-method is-config="true" signature="intIt()[pri:0, instance:com.tutorialsninja.demo.testsuite.DesktopsTest@12d4bf7e]" started-at="2023-12-12T22:40:11 GMT" name="intIt" finished-at="2023-12-12T22:40:11 GMT" duration-ms="24" status="PASS">
          <reporter-output>
          </reporter-output>
        </test-method> <!-- intIt -->
        <test-method signature="verifyProduct3AddedToShoppingCartSuccessFully(java.lang.String,java.lang.String,java.lang.String,java.lang.String,java.lang.String,java.lang.String)[pri:0, instance:com.tutorialsninja.demo.testsuite.DesktopsTest@12d4bf7e]" started-at="2023-12-12T22:40:11 GMT" name="verifyProduct3AddedToShoppingCartSuccessFully" data-provider="getTestData" finished-at="2023-12-12T22:40:15 GMT" duration-ms="3591" status="FAIL">
          <params>
            <param index="0">
              <value>
                <![CDATA[Palm Treo Pro]]>
              </value>
            </param>
            <param index="1">
              <value>
                <![CDATA[3]]>
              </value>
            </param>
            <param index="2">
              <value>
                <![CDATA[Success: You have added Palm Treo Pro to your shopping cart!]]>
              </value>
            </param>
            <param index="3">
              <value>
                <![CDATA[Palm Treo Pro]]>
              </value>
            </param>
            <param index="4">
              <value>
                <![CDATA[Product 2]]>
              </value>
            </param>
            <param index="5">
              <value>
                <![CDATA[£1,242.11]]>
              </value>
            </param>
          </params>
          <exception class="java.lang.AssertionError">
            <message>
              <![CDATA[Incorrect Total! expected [£1,242.11] but found [£621.05]]]>
            </message>
            <full-stacktrace>
              <![CDATA[java.lang.AssertionError: Incorrect Total! expected [£1,242.11] but found [£621.05]
at org.testng.Assert.fail(Assert.java:111)
at org.testng.Assert.failNotEquals(Assert.java:1578)
at org.testng.Assert.assertEqualsImpl(Assert.java:150)
at org.testng.Assert.assertEquals(Assert.java:132)
at org.testng.Assert.assertEquals(Assert.java:656)
at com.tutorialsninja.demo.testsuite.DesktopsTest.verifyProduct3AddedToShoppingCartSuccessFully(DesktopsTest.java:215)
at java.base/jdk.internal.reflect.NativeMethodAccessorImpl.invoke0(Native Method)
at java.base/jdk.internal.reflect.NativeMethodAccessorImpl.invoke(NativeMethodAccessorImpl.java:77)
at java.base/jdk.internal.reflect.DelegatingMethodAccessorImpl.invoke(DelegatingMethodAccessorImpl.java:43)
at java.base/java.lang.reflect.Method.invoke(Method.java:568)
at org.testng.internal.invokers.MethodInvocationHelper.invokeMethod(MethodInvocationHelper.java:139)
at org.testng.internal.invokers.TestInvoker.invokeMethod(TestInvoker.java:664)
at org.testng.internal.invokers.TestInvoker.invokeTestMethod(TestInvoker.java:227)
at org.testng.internal.invokers.MethodRunner.runInSequence(MethodRunner.java:50)
at org.testng.internal.invokers.TestInvoker$MethodInvocationAgent.invoke(TestInvoker.java:957)
at org.testng.internal.invokers.TestInvoker.invokeTestMethods(TestInvoker.java:200)
at org.testng.internal.invokers.TestMethodWorker.invokeTestMethods(TestMethodWorker.java:148)
at org.testng.internal.invokers.TestMethodWorker.run(TestMethodWorker.java:128)
at java.base/java.util.ArrayList.forEach(ArrayList.java:1511)
at org.testng.TestRunner.privateRun(TestRunner.java:848)
at org.testng.TestRunner.run(TestRunner.java:621)
at org.testng.SuiteRunner.runTest(SuiteRunner.java:443)
at org.testng.SuiteRunner.runSequentially(SuiteRunner.java:437)
at org.testng.SuiteRunner.privateRun(SuiteRunner.java:397)
at org.testng.SuiteRunner.run(SuiteRunner.java:336)
at org.testng.SuiteRunnerWorker.runSuite(SuiteRunnerWorker.java:52)
at org.testng.SuiteRunnerWorker.run(SuiteRunnerWorker.java:95)
at org.testng.TestNG.runSuitesSequentially(TestNG.java:1280)
at org.testng.TestNG.runSuitesLocally(TestNG.java:1200)
at org.testng.TestNG.runSuites(TestNG.java:1114)
at org.testng.TestNG.run(TestNG.java:1082)
at com.intellij.rt.testng.IDEARemoteTestNG.run(IDEARemoteTestNG.java:66)
at com.intellij.rt.testng.RemoteTestNGStarter.main(RemoteTestNGStarter.java:105)
]]>
            </full-stacktrace>
          </exception> <!-- java.lang.AssertionError -->
          <reporter-output>
          </reporter-output>
        </test-method> <!-- verifyProduct3AddedToShoppingCartSuccessFully -->
        <test-method is-config="true" signature="tearDown()[pri:0, instance:com.tutorialsninja.demo.testsuite.DesktopsTest@12d4bf7e]" started-at="2023-12-12T22:40:15 GMT" name="tearDown" finished-at="2023-12-12T22:40:15 GMT" duration-ms="134" status="PASS">
          <reporter-output>
          </reporter-output>
        </test-method> <!-- tearDown -->
      </class> <!-- com.tutorialsninja.demo.testsuite.DesktopsTest -->
    </test> <!-- com-tutorialsninja-sw-5 -->
  </suite> <!-- Default Suite -->
</testng-results>
