<?xml version="1.0" encoding="UTF-8"?>
<!-- Generated by org.testng.reporters.JUnitXMLReporter -->
<testsuite ignored="7" hostname="Disha" failures="1" tests="1" name="Test" time="0.423" errors="0" timestamp="2023-12-12T22:26:04 GMT">
  <testcase classname="com.tutorialsninja.demo.testsuite.DesktopsTest" name="verifyProduct1AddedToShoppingCartSuccessFully" time="0.0">
    <failure type="org.testng.TestNGException" message="
Method public void com.tutorialsninja.demo.testsuite.DesktopsTest.verifyProduct1AddedToShoppingCartSuccessFully(java.lang.String,java.lang.String,java.lang.String,java.lang.String,java.lang.String,java.lang.String) requires a @DataProvider named : Product1 in class resources.testdata.TestData">
      <![CDATA[org.testng.TestNGException: 
Method public void com.tutorialsninja.demo.testsuite.DesktopsTest.verifyProduct1AddedToShoppingCartSuccessFully(java.lang.String,java.lang.String,java.lang.String,java.lang.String,java.lang.String,java.lang.String) requires a @DataProvider named : Product1 in class resources.testdata.TestData
at java.base/java.util.ArrayList.forEach(ArrayList.java:1511)
at com.intellij.rt.testng.IDEARemoteTestNG.run(IDEARemoteTestNG.java:66)
at com.intellij.rt.testng.RemoteTestNGStarter.main(RemoteTestNGStarter.java:105)
... Removed 21 stack frames]]>
    </failure>
  </testcase> <!-- verifyProduct1AddedToShoppingCartSuccessFully -->
  <testcase classname="com.tutorialsninja.demo.testsuite.LaptopsAndNoteBooksTest" name="verifyProduct3AddedToShoppingCartSuccessFully" time="0.0">
    <ignored/>
  </testcase> <!-- verifyProduct3AddedToShoppingCartSuccessFully -->
  <testcase classname="com.tutorialsninja.demo.testsuite.DesktopsTest" name="verifyProduct2AddedToShoppingCartSuccessFully" time="0.0">
    <ignored/>
  </testcase> <!-- verifyProduct2AddedToShoppingCartSuccessFully -->
  <testcase classname="com.tutorialsninja.demo.testsuite.DesktopsTest" name="verifyProduct3AddedToShoppingCartSuccessFully" time="0.0">
    <ignored/>
  </testcase> <!-- verifyProduct3AddedToShoppingCartSuccessFully -->
  <testcase classname="com.tutorialsninja.demo.testsuite.LaptopsAndNoteBooksTest" name="verifyProduct2AddedToShoppingCartSuccessFully" time="0.0">
    <ignored/>
  </testcase> <!-- verifyProduct2AddedToShoppingCartSuccessFully -->
  <testcase classname="com.tutorialsninja.demo.testsuite.TopMenuTest" name="verifyUserShouldNavigateToComponentsPageSuccessfully" time="0.0">
    <ignored/>
  </testcase> <!-- verifyUserShouldNavigateToComponentsPageSuccessfully -->
  <testcase classname="com.tutorialsninja.demo.testsuite.MyAccountTest" name="verifyThatUserShouldLoginAndLogoutSuccessfully" time="0.0">
    <ignored/>
  </testcase> <!-- verifyThatUserShouldLoginAndLogoutSuccessfully -->
  <testcase classname="com.tutorialsninja.demo.testsuite.MyAccountTest" name="verifyThatUserRegisterAccountSuccessfully" time="0.0">
    <ignored/>
  </testcase> <!-- verifyThatUserRegisterAccountSuccessfully -->
</testsuite> <!-- Test -->
